{"$message_type":"diagnostic","message":"expected `:`","code":null,"level":"error","spans":[{"file_name":"programs/shadow-ranch-program/src/lib.rs","byte_start":10503,"byte_end":10504,"line_start":286,"line_end":286,"column_start":14,"column_end":15,"is_primary":true,"text":[{"text":"        mint = mint,","highlight_start":14,"highlight_end":15}],"label":null,"suggested_replacement":null,"suggestion_applicability":null,"expansion":null}],"children":[],"rendered":"\u001b[0m\u001b[1m\u001b[38;5;9merror\u001b[0m\u001b[0m\u001b[1m: expected `:`\u001b[0m\n\u001b[0m   \u001b[0m\u001b[0m\u001b[1m\u001b[38;5;12m--> \u001b[0m\u001b[0mprograms/shadow-ranch-program/src/lib.rs:286:14\u001b[0m\n\u001b[0m    \u001b[0m\u001b[0m\u001b[1m\u001b[38;5;12m|\u001b[0m\n\u001b[0m\u001b[1m\u001b[38;5;12m286\u001b[0m\u001b[0m \u001b[0m\u001b[0m\u001b[1m\u001b[38;5;12m|\u001b[0m\u001b[0m \u001b[0m\u001b[0m        mint = mint,\u001b[0m\n\u001b[0m    \u001b[0m\u001b[0m\u001b[1m\u001b[38;5;12m| \u001b[0m\u001b[0m             \u001b[0m\u001b[0m\u001b[1m\u001b[38;5;9m^\u001b[0m\n\n"}
{"$message_type":"diagnostic","message":"unresolved import `anchor_spl::metadata`","code":{"code":"E0432","explanation":"An import was unresolved.\n\nErroneous code example:\n\n```compile_fail,E0432\nuse something::Foo; // error: unresolved import `something::Foo`.\n```\n\nIn Rust 2015, paths in `use` statements are relative to the crate root. To\nimport items relative to the current and parent modules, use the `self::` and\n`super::` prefixes, respectively.\n\nIn Rust 2018 or later, paths in `use` statements are relative to the current\nmodule unless they begin with the name of a crate or a literal `crate::`, in\nwhich case they start from the crate root. As in Rust 2015 code, the `self::`\nand `super::` prefixes refer to the current and parent modules respectively.\n\nAlso verify that you didn't misspell the import name and that the import exists\nin the module from where you tried to import it. Example:\n\n```\nuse self::something::Foo; // Ok.\n\nmod something {\n    pub struct Foo;\n}\n# fn main() {}\n```\n\nIf you tried to use a module from an external crate and are using Rust 2015,\nyou may have missed the `extern crate` declaration (which is usually placed in\nthe crate root):\n\n```edition2015\nextern crate core; // Required to use the `core` crate in Rust 2015.\n\nuse core::any;\n# fn main() {}\n```\n\nSince Rust 2018 the `extern crate` declaration is not required and\nyou can instead just `use` it:\n\n```edition2018\nuse core::any; // No extern crate required in Rust 2018.\n# fn main() {}\n```\n"},"level":"error","spans":[{"file_name":"programs/shadow-ranch-program/src/lib.rs","byte_start":90,"byte_end":98,"line_start":4,"line_end":4,"column_start":5,"column_end":13,"is_primary":true,"text":[{"text":"    metadata::{","highlight_start":5,"highlight_end":13}],"label":"could not find `metadata` in `anchor_spl`","suggested_replacement":null,"suggestion_applicability":null,"expansion":null}],"children":[{"message":"found an item that was configured out","code":null,"level":"note","spans":[{"file_name":"src/lib.rs","byte_start":466,"byte_end":474,"line_start":29,"line_end":29,"column_start":9,"column_end":17,"is_primary":true,"text":[],"label":null,"suggested_replacement":null,"suggestion_applicability":null,"expansion":null}],"children":[],"rendered":null},{"message":"the item is gated behind the `metadata` feature","code":null,"level":"note","spans":[],"children":[],"rendered":null}],"rendered":"\u001b[0m\u001b[1m\u001b[38;5;9merror[E0432]\u001b[0m\u001b[0m\u001b[1m: unresolved import `anchor_spl::metadata`\u001b[0m\n\u001b[0m \u001b[0m\u001b[0m\u001b[1m\u001b[38;5;12m--> \u001b[0m\u001b[0mprograms/shadow-ranch-program/src/lib.rs:4:5\u001b[0m\n\u001b[0m  \u001b[0m\u001b[0m\u001b[1m\u001b[38;5;12m|\u001b[0m\n\u001b[0m\u001b[1m\u001b[38;5;12m4\u001b[0m\u001b[0m \u001b[0m\u001b[0m\u001b[1m\u001b[38;5;12m|\u001b[0m\u001b[0m \u001b[0m\u001b[0m    metadata::{\u001b[0m\n\u001b[0m  \u001b[0m\u001b[0m\u001b[1m\u001b[38;5;12m| \u001b[0m\u001b[0m    \u001b[0m\u001b[0m\u001b[1m\u001b[38;5;9m^^^^^^^^\u001b[0m\u001b[0m \u001b[0m\u001b[0m\u001b[1m\u001b[38;5;9mcould not find `metadata` in `anchor_spl`\u001b[0m\n\u001b[0m  \u001b[0m\u001b[0m\u001b[1m\u001b[38;5;12m|\u001b[0m\n\u001b[0m\u001b[1m\u001b[38;5;10mnote\u001b[0m\u001b[0m: found an item that was configured out\u001b[0m\n\u001b[0m \u001b[0m\u001b[0m\u001b[1m\u001b[38;5;12m--> \u001b[0m\u001b[0msrc/lib.rs:29:9\u001b[0m\n\u001b[0m  \u001b[0m\u001b[0m\u001b[1m\u001b[38;5;12m= \u001b[0m\u001b[0m\u001b[1mnote\u001b[0m\u001b[0m: the item is gated behind the `metadata` feature\u001b[0m\n\n"}
{"$message_type":"diagnostic","message":"unresolved import `crate`","code":{"code":"E0432","explanation":"An import was unresolved.\n\nErroneous code example:\n\n```compile_fail,E0432\nuse something::Foo; // error: unresolved import `something::Foo`.\n```\n\nIn Rust 2015, paths in `use` statements are relative to the crate root. To\nimport items relative to the current and parent modules, use the `self::` and\n`super::` prefixes, respectively.\n\nIn Rust 2018 or later, paths in `use` statements are relative to the current\nmodule unless they begin with the name of a crate or a literal `crate::`, in\nwhich case they start from the crate root. As in Rust 2015 code, the `self::`\nand `super::` prefixes refer to the current and parent modules respectively.\n\nAlso verify that you didn't misspell the import name and that the import exists\nin the module from where you tried to import it. Example:\n\n```\nuse self::something::Foo; // Ok.\n\nmod something {\n    pub struct Foo;\n}\n# fn main() {}\n```\n\nIf you tried to use a module from an external crate and are using Rust 2015,\nyou may have missed the `extern crate` declaration (which is usually placed in\nthe crate root):\n\n```edition2015\nextern crate core; // Required to use the `core` crate in Rust 2015.\n\nuse core::any;\n# fn main() {}\n```\n\nSince Rust 2018 the `extern crate` declaration is not required and\nyou can instead just `use` it:\n\n```edition2018\nuse core::any; // No extern crate required in Rust 2018.\n# fn main() {}\n```\n"},"level":"error","spans":[{"file_name":"programs/shadow-ranch-program/src/lib.rs","byte_start":509,"byte_end":519,"line_start":15,"line_end":15,"column_start":1,"column_end":11,"is_primary":true,"text":[{"text":"#[program]","highlight_start":1,"highlight_end":11}],"label":"could not find `__client_accounts_mint_achievement_nft` in the crate root","suggested_replacement":null,"suggestion_applicability":null,"expansion":{"span":{"file_name":"programs/shadow-ranch-program/src/lib.rs","byte_start":509,"byte_end":519,"line_start":15,"line_end":15,"column_start":1,"column_end":11,"is_primary":false,"text":[{"text":"#[program]","highlight_start":1,"highlight_end":11}],"label":null,"suggested_replacement":null,"suggestion_applicability":null,"expansion":null},"macro_decl_name":"#[program]","def_site_span":{"file_name":"/Users/christophercialone/.cargo/registry/src/index.crates.io-6f17d22bba15001f/anchor-attribute-program-0.29.0/src/lib.rs","byte_start":234,"byte_end":350,"line_start":9,"line_end":12,"column_start":1,"column_end":29,"is_primary":false,"text":[{"text":"pub fn program(","highlight_start":1,"highlight_end":16},{"text":"    _args: proc_macro::TokenStream,","highlight_start":1,"highlight_end":36},{"text":"    input: proc_macro::TokenStream,","highlight_start":1,"highlight_end":36},{"text":") -> proc_macro::TokenStream {","highlight_start":1,"highlight_end":29}],"label":null,"suggested_replacement":null,"suggestion_applicability":null,"expansion":null}}}],"children":[],"rendered":"\u001b[0m\u001b[1m\u001b[38;5;9merror[E0432]\u001b[0m\u001b[0m\u001b[1m: unresolved import `crate`\u001b[0m\n\u001b[0m  \u001b[0m\u001b[0m\u001b[1m\u001b[38;5;12m--> \u001b[0m\u001b[0mprograms/shadow-ranch-program/src/lib.rs:15:1\u001b[0m\n\u001b[0m   \u001b[0m\u001b[0m\u001b[1m\u001b[38;5;12m|\u001b[0m\n\u001b[0m\u001b[1m\u001b[38;5;12m15\u001b[0m\u001b[0m \u001b[0m\u001b[0m\u001b[1m\u001b[38;5;12m|\u001b[0m\u001b[0m \u001b[0m\u001b[0m#[program]\u001b[0m\n\u001b[0m   \u001b[0m\u001b[0m\u001b[1m\u001b[38;5;12m| \u001b[0m\u001b[0m\u001b[1m\u001b[38;5;9m^^^^^^^^^^\u001b[0m\u001b[0m \u001b[0m\u001b[0m\u001b[1m\u001b[38;5;9mcould not find `__client_accounts_mint_achievement_nft` in the crate root\u001b[0m\n\u001b[0m   \u001b[0m\u001b[0m\u001b[1m\u001b[38;5;12m|\u001b[0m\n\u001b[0m   \u001b[0m\u001b[0m\u001b[1m\u001b[38;5;12m= \u001b[0m\u001b[0m\u001b[1mnote\u001b[0m\u001b[0m: this error originates in the attribute macro `program` (in Nightly builds, run with -Z macro-backtrace for more info)\u001b[0m\n\n"}
{"$message_type":"diagnostic","message":"unused imports: `CollectionDetails`, `Collection`, `Uses`","code":{"code":"unused_imports","explanation":null},"level":"warning","spans":[{"file_name":"programs/shadow-ranch-program/src/lib.rs","byte_start":408,"byte_end":418,"line_start":11,"line_end":11,"column_start":50,"column_end":60,"is_primary":true,"text":[{"text":"use mpl_token_metadata::types::{DataV2, Creator, Collection, Uses, CollectionDetails};","highlight_start":50,"highlight_end":60}],"label":null,"suggested_replacement":null,"suggestion_applicability":null,"expansion":null},{"file_name":"programs/shadow-ranch-program/src/lib.rs","byte_start":420,"byte_end":424,"line_start":11,"line_end":11,"column_start":62,"column_end":66,"is_primary":true,"text":[{"text":"use mpl_token_metadata::types::{DataV2, Creator, Collection, Uses, CollectionDetails};","highlight_start":62,"highlight_end":66}],"label":null,"suggested_replacement":null,"suggestion_applicability":null,"expansion":null},{"file_name":"programs/shadow-ranch-program/src/lib.rs","byte_start":426,"byte_end":443,"line_start":11,"line_end":11,"column_start":68,"column_end":85,"is_primary":true,"text":[{"text":"use mpl_token_metadata::types::{DataV2, Creator, Collection, Uses, CollectionDetails};","highlight_start":68,"highlight_end":85}],"label":null,"suggested_replacement":null,"suggestion_applicability":null,"expansion":null}],"children":[{"message":"`#[warn(unused_imports)]` on by default","code":null,"level":"note","spans":[],"children":[],"rendered":null},{"message":"remove the unused imports","code":null,"level":"help","spans":[{"file_name":"programs/shadow-ranch-program/src/lib.rs","byte_start":406,"byte_end":443,"line_start":11,"line_end":11,"column_start":48,"column_end":85,"is_primary":true,"text":[{"text":"use mpl_token_metadata::types::{DataV2, Creator, Collection, Uses, CollectionDetails};","highlight_start":48,"highlight_end":85}],"label":null,"suggested_replacement":"","suggestion_applicability":"MachineApplicable","expansion":null}],"children":[],"rendered":null}],"rendered":"\u001b[0m\u001b[1m\u001b[33mwarning\u001b[0m\u001b[0m\u001b[1m: unused imports: `CollectionDetails`, `Collection`, `Uses`\u001b[0m\n\u001b[0m  \u001b[0m\u001b[0m\u001b[1m\u001b[38;5;12m--> \u001b[0m\u001b[0mprograms/shadow-ranch-program/src/lib.rs:11:50\u001b[0m\n\u001b[0m   \u001b[0m\u001b[0m\u001b[1m\u001b[38;5;12m|\u001b[0m\n\u001b[0m\u001b[1m\u001b[38;5;12m11\u001b[0m\u001b[0m \u001b[0m\u001b[0m\u001b[1m\u001b[38;5;12m|\u001b[0m\u001b[0m \u001b[0m\u001b[0muse mpl_token_metadata::types::{DataV2, Creator, Collection, Uses, CollectionDetails};\u001b[0m\n\u001b[0m   \u001b[0m\u001b[0m\u001b[1m\u001b[38;5;12m| \u001b[0m\u001b[0m                                                 \u001b[0m\u001b[0m\u001b[1m\u001b[33m^^^^^^^^^^\u001b[0m\u001b[0m  \u001b[0m\u001b[0m\u001b[1m\u001b[33m^^^^\u001b[0m\u001b[0m  \u001b[0m\u001b[0m\u001b[1m\u001b[33m^^^^^^^^^^^^^^^^^\u001b[0m\n\u001b[0m   \u001b[0m\u001b[0m\u001b[1m\u001b[38;5;12m|\u001b[0m\n\u001b[0m   \u001b[0m\u001b[0m\u001b[1m\u001b[38;5;12m= \u001b[0m\u001b[0m\u001b[1mnote\u001b[0m\u001b[0m: `#[warn(unused_imports)]` on by default\u001b[0m\n\n"}
{"$message_type":"diagnostic","message":"the trait bound `MintAchievementNft<'_>: Bumps` is not satisfied","code":{"code":"E0277","explanation":"You tried to use a type which doesn't implement some trait in a place which\nexpected that trait.\n\nErroneous code example:\n\n```compile_fail,E0277\n// here we declare the Foo trait with a bar method\ntrait Foo {\n    fn bar(&self);\n}\n\n// we now declare a function which takes an object implementing the Foo trait\nfn some_func<T: Foo>(foo: T) {\n    foo.bar();\n}\n\nfn main() {\n    // we now call the method with the i32 type, which doesn't implement\n    // the Foo trait\n    some_func(5i32); // error: the trait bound `i32 : Foo` is not satisfied\n}\n```\n\nIn order to fix this error, verify that the type you're using does implement\nthe trait. Example:\n\n```\ntrait Foo {\n    fn bar(&self);\n}\n\n// we implement the trait on the i32 type\nimpl Foo for i32 {\n    fn bar(&self) {}\n}\n\nfn some_func<T: Foo>(foo: T) {\n    foo.bar(); // we can now use this method since i32 implements the\n               // Foo trait\n}\n\nfn main() {\n    some_func(5i32); // ok!\n}\n```\n\nOr in a generic context, an erroneous code example would look like:\n\n```compile_fail,E0277\nfn some_func<T>(foo: T) {\n    println!(\"{:?}\", foo); // error: the trait `core::fmt::Debug` is not\n                           //        implemented for the type `T`\n}\n\nfn main() {\n    // We now call the method with the i32 type,\n    // which *does* implement the Debug trait.\n    some_func(5i32);\n}\n```\n\nNote that the error here is in the definition of the generic function. Although\nwe only call it with a parameter that does implement `Debug`, the compiler\nstill rejects the function. It must work with all possible input types. In\norder to make this example compile, we need to restrict the generic type we're\naccepting:\n\n```\nuse std::fmt;\n\n// Restrict the input type to types that implement Debug.\nfn some_func<T: fmt::Debug>(foo: T) {\n    println!(\"{:?}\", foo);\n}\n\nfn main() {\n    // Calling the method is still fine, as i32 implements Debug.\n    some_func(5i32);\n\n    // This would fail to compile now:\n    // struct WithoutDebug;\n    // some_func(WithoutDebug);\n}\n```\n\nRust only looks at the signature of the called function, as such it must\nalready specify all requirements that will be used for every type parameter.\n"},"level":"error","spans":[{"file_name":"programs/shadow-ranch-program/src/lib.rs","byte_start":4154,"byte_end":4181,"line_start":105,"line_end":105,"column_start":14,"column_end":41,"is_primary":true,"text":[{"text":"        ctx: Context<MintAchievementNft>,","highlight_start":14,"highlight_end":41}],"label":"the trait `Bumps` is not implemented for `MintAchievementNft<'_>`","suggested_replacement":null,"suggestion_applicability":null,"expansion":null}],"children":[{"message":"the following other types implement trait `Bumps`:\n  CompleteChallenge<'info>\n  CompleteModule<'info>\n  CreateNonceAccount<'info>\n  CreateNonceAccountWithSeed<'info>\n  InitializeUser<'info>\n  __idl::IdlAccounts<'info>\n  __idl::IdlCloseAccount<'info>\n  __idl::IdlCreateAccounts<'info>\nand 51 others","code":null,"level":"help","spans":[],"children":[],"rendered":null},{"message":"required by a bound in `anchor_lang::context::Context`","code":null,"level":"note","spans":[{"file_name":"src/context.rs","byte_start":785,"byte_end":832,"line_start":24,"line_end":24,"column_start":1,"column_end":48,"is_primary":true,"text":[],"label":null,"suggested_replacement":null,"suggestion_applicability":null,"expansion":null}],"children":[],"rendered":null}],"rendered":"\u001b[0m\u001b[1m\u001b[38;5;9merror[E0277]\u001b[0m\u001b[0m\u001b[1m: the trait bound `MintAchievementNft<'_>: Bumps` is not satisfied\u001b[0m\n\u001b[0m   \u001b[0m\u001b[0m\u001b[1m\u001b[38;5;12m--> \u001b[0m\u001b[0mprograms/shadow-ranch-program/src/lib.rs:105:14\u001b[0m\n\u001b[0m    \u001b[0m\u001b[0m\u001b[1m\u001b[38;5;12m|\u001b[0m\n\u001b[0m\u001b[1m\u001b[38;5;12m105\u001b[0m\u001b[0m \u001b[0m\u001b[0m\u001b[1m\u001b[38;5;12m|\u001b[0m\u001b[0m \u001b[0m\u001b[0m        ctx: Context<MintAchievementNft>,\u001b[0m\n\u001b[0m    \u001b[0m\u001b[0m\u001b[1m\u001b[38;5;12m| \u001b[0m\u001b[0m             \u001b[0m\u001b[0m\u001b[1m\u001b[38;5;9m^^^^^^^^^^^^^^^^^^^^^^^^^^^\u001b[0m\u001b[0m \u001b[0m\u001b[0m\u001b[1m\u001b[38;5;9mthe trait `Bumps` is not implemented for `MintAchievementNft<'_>`\u001b[0m\n\u001b[0m    \u001b[0m\u001b[0m\u001b[1m\u001b[38;5;12m|\u001b[0m\n\u001b[0m    \u001b[0m\u001b[0m\u001b[1m\u001b[38;5;12m= \u001b[0m\u001b[0m\u001b[1mhelp\u001b[0m\u001b[0m: the following other types implement trait `Bumps`:\u001b[0m\n\u001b[0m              CompleteChallenge<'info>\u001b[0m\n\u001b[0m              CompleteModule<'info>\u001b[0m\n\u001b[0m              CreateNonceAccount<'info>\u001b[0m\n\u001b[0m              CreateNonceAccountWithSeed<'info>\u001b[0m\n\u001b[0m              InitializeUser<'info>\u001b[0m\n\u001b[0m              __idl::IdlAccounts<'info>\u001b[0m\n\u001b[0m              __idl::IdlCloseAccount<'info>\u001b[0m\n\u001b[0m              __idl::IdlCreateAccounts<'info>\u001b[0m\n\u001b[0m            and 51 others\u001b[0m\n\u001b[0m\u001b[1m\u001b[38;5;10mnote\u001b[0m\u001b[0m: required by a bound in `anchor_lang::context::Context`\u001b[0m\n\u001b[0m   \u001b[0m\u001b[0m\u001b[1m\u001b[38;5;12m--> \u001b[0m\u001b[0msrc/context.rs:24:1\u001b[0m\n\n"}
{"$message_type":"diagnostic","message":"the trait bound `MintAchievementNft<'_>: Bumps` is not satisfied","code":{"code":"E0277","explanation":"You tried to use a type which doesn't implement some trait in a place which\nexpected that trait.\n\nErroneous code example:\n\n```compile_fail,E0277\n// here we declare the Foo trait with a bar method\ntrait Foo {\n    fn bar(&self);\n}\n\n// we now declare a function which takes an object implementing the Foo trait\nfn some_func<T: Foo>(foo: T) {\n    foo.bar();\n}\n\nfn main() {\n    // we now call the method with the i32 type, which doesn't implement\n    // the Foo trait\n    some_func(5i32); // error: the trait bound `i32 : Foo` is not satisfied\n}\n```\n\nIn order to fix this error, verify that the type you're using does implement\nthe trait. Example:\n\n```\ntrait Foo {\n    fn bar(&self);\n}\n\n// we implement the trait on the i32 type\nimpl Foo for i32 {\n    fn bar(&self) {}\n}\n\nfn some_func<T: Foo>(foo: T) {\n    foo.bar(); // we can now use this method since i32 implements the\n               // Foo trait\n}\n\nfn main() {\n    some_func(5i32); // ok!\n}\n```\n\nOr in a generic context, an erroneous code example would look like:\n\n```compile_fail,E0277\nfn some_func<T>(foo: T) {\n    println!(\"{:?}\", foo); // error: the trait `core::fmt::Debug` is not\n                           //        implemented for the type `T`\n}\n\nfn main() {\n    // We now call the method with the i32 type,\n    // which *does* implement the Debug trait.\n    some_func(5i32);\n}\n```\n\nNote that the error here is in the definition of the generic function. Although\nwe only call it with a parameter that does implement `Debug`, the compiler\nstill rejects the function. It must work with all possible input types. In\norder to make this example compile, we need to restrict the generic type we're\naccepting:\n\n```\nuse std::fmt;\n\n// Restrict the input type to types that implement Debug.\nfn some_func<T: fmt::Debug>(foo: T) {\n    println!(\"{:?}\", foo);\n}\n\nfn main() {\n    // Calling the method is still fine, as i32 implements Debug.\n    some_func(5i32);\n\n    // This would fail to compile now:\n    // struct WithoutDebug;\n    // some_func(WithoutDebug);\n}\n```\n\nRust only looks at the signature of the called function, as such it must\nalready specify all requirements that will be used for every type parameter.\n"},"level":"error","spans":[{"file_name":"programs/shadow-ranch-program/src/lib.rs","byte_start":4162,"byte_end":4180,"line_start":105,"line_end":105,"column_start":22,"column_end":40,"is_primary":true,"text":[{"text":"        ctx: Context<MintAchievementNft>,","highlight_start":22,"highlight_end":40}],"label":"the trait `Bumps` is not implemented for `MintAchievementNft<'_>`","suggested_replacement":null,"suggestion_applicability":null,"expansion":null}],"children":[{"message":"the following other types implement trait `Bumps`:\n  CompleteChallenge<'info>\n  CompleteModule<'info>\n  CreateNonceAccount<'info>\n  CreateNonceAccountWithSeed<'info>\n  InitializeUser<'info>\n  __idl::IdlAccounts<'info>\n  __idl::IdlCloseAccount<'info>\n  __idl::IdlCreateAccounts<'info>\nand 51 others","code":null,"level":"help","spans":[],"children":[],"rendered":null}],"rendered":"\u001b[0m\u001b[1m\u001b[38;5;9merror[E0277]\u001b[0m\u001b[0m\u001b[1m: the trait bound `MintAchievementNft<'_>: Bumps` is not satisfied\u001b[0m\n\u001b[0m   \u001b[0m\u001b[0m\u001b[1m\u001b[38;5;12m--> \u001b[0m\u001b[0mprograms/shadow-ranch-program/src/lib.rs:105:22\u001b[0m\n\u001b[0m    \u001b[0m\u001b[0m\u001b[1m\u001b[38;5;12m|\u001b[0m\n\u001b[0m\u001b[1m\u001b[38;5;12m105\u001b[0m\u001b[0m \u001b[0m\u001b[0m\u001b[1m\u001b[38;5;12m|\u001b[0m\u001b[0m \u001b[0m\u001b[0m        ctx: Context<MintAchievementNft>,\u001b[0m\n\u001b[0m    \u001b[0m\u001b[0m\u001b[1m\u001b[38;5;12m| \u001b[0m\u001b[0m                     \u001b[0m\u001b[0m\u001b[1m\u001b[38;5;9m^^^^^^^^^^^^^^^^^^\u001b[0m\u001b[0m \u001b[0m\u001b[0m\u001b[1m\u001b[38;5;9mthe trait `Bumps` is not implemented for `MintAchievementNft<'_>`\u001b[0m\n\u001b[0m    \u001b[0m\u001b[0m\u001b[1m\u001b[38;5;12m|\u001b[0m\n\u001b[0m    \u001b[0m\u001b[0m\u001b[1m\u001b[38;5;12m= \u001b[0m\u001b[0m\u001b[1mhelp\u001b[0m\u001b[0m: the following other types implement trait `Bumps`:\u001b[0m\n\u001b[0m              CompleteChallenge<'info>\u001b[0m\n\u001b[0m              CompleteModule<'info>\u001b[0m\n\u001b[0m              CreateNonceAccount<'info>\u001b[0m\n\u001b[0m              CreateNonceAccountWithSeed<'info>\u001b[0m\n\u001b[0m              InitializeUser<'info>\u001b[0m\n\u001b[0m              __idl::IdlAccounts<'info>\u001b[0m\n\u001b[0m              __idl::IdlCloseAccount<'info>\u001b[0m\n\u001b[0m              __idl::IdlCreateAccounts<'info>\u001b[0m\n\u001b[0m            and 51 others\u001b[0m\n\n"}
{"$message_type":"diagnostic","message":"no function or associated item named `try_accounts` found for struct `MintAchievementNft` in the current scope","code":{"code":"E0599","explanation":"This error occurs when a method is used on a type which doesn't implement it:\n\nErroneous code example:\n\n```compile_fail,E0599\nstruct Mouth;\n\nlet x = Mouth;\nx.chocolate(); // error: no method named `chocolate` found for type `Mouth`\n               //        in the current scope\n```\n\nIn this case, you need to implement the `chocolate` method to fix the error:\n\n```\nstruct Mouth;\n\nimpl Mouth {\n    fn chocolate(&self) { // We implement the `chocolate` method here.\n        println!(\"Hmmm! I love chocolate!\");\n    }\n}\n\nlet x = Mouth;\nx.chocolate(); // ok!\n```\n"},"level":"error","spans":[{"file_name":"programs/shadow-ranch-program/src/lib.rs","byte_start":509,"byte_end":519,"line_start":15,"line_end":15,"column_start":1,"column_end":11,"is_primary":true,"text":[{"text":"#[program]","highlight_start":1,"highlight_end":11}],"label":"function or associated item not found in `MintAchievementNft<'_>`","suggested_replacement":null,"suggestion_applicability":null,"expansion":{"span":{"file_name":"programs/shadow-ranch-program/src/lib.rs","byte_start":509,"byte_end":519,"line_start":15,"line_end":15,"column_start":1,"column_end":11,"is_primary":false,"text":[{"text":"#[program]","highlight_start":1,"highlight_end":11}],"label":null,"suggested_replacement":null,"suggestion_applicability":null,"expansion":null},"macro_decl_name":"#[program]","def_site_span":{"file_name":"/Users/christophercialone/.cargo/registry/src/index.crates.io-6f17d22bba15001f/anchor-attribute-program-0.29.0/src/lib.rs","byte_start":234,"byte_end":350,"line_start":9,"line_end":12,"column_start":1,"column_end":29,"is_primary":false,"text":[{"text":"pub fn program(","highlight_start":1,"highlight_end":16},{"text":"    _args: proc_macro::TokenStream,","highlight_start":1,"highlight_end":36},{"text":"    input: proc_macro::TokenStream,","highlight_start":1,"highlight_end":36},{"text":") -> proc_macro::TokenStream {","highlight_start":1,"highlight_end":29}],"label":null,"suggested_replacement":null,"suggestion_applicability":null,"expansion":null}}},{"file_name":"programs/shadow-ranch-program/src/lib.rs","byte_start":10154,"byte_end":10190,"line_start":272,"line_end":272,"column_start":1,"column_end":37,"is_primary":false,"text":[{"text":"pub struct MintAchievementNft<'info> {","highlight_start":1,"highlight_end":37}],"label":"function or associated item `try_accounts` not found for this struct","suggested_replacement":null,"suggestion_applicability":null,"expansion":null}],"children":[{"message":"items from traits can only be used if the trait is implemented and in scope","code":null,"level":"help","spans":[],"children":[],"rendered":null},{"message":"the following trait defines an item `try_accounts`, perhaps you need to implement it:\ncandidate #1: `anchor_lang::Accounts`","code":null,"level":"note","spans":[],"children":[],"rendered":null},{"message":"there is a method `try_into` with a similar name, but with different arguments","code":null,"level":"help","spans":[{"file_name":"/Users/runner/work/platform-tools/platform-tools/out/rust/library/core/src/convert/mod.rs","byte_start":23680,"byte_end":23724,"line_start":611,"line_end":611,"column_start":5,"column_end":49,"is_primary":true,"text":[],"label":null,"suggested_replacement":null,"suggestion_applicability":null,"expansion":null}],"children":[],"rendered":null}],"rendered":"\u001b[0m\u001b[1m\u001b[38;5;9merror[E0599]\u001b[0m\u001b[0m\u001b[1m: no function or associated item named `try_accounts` found for struct `MintAchievementNft` in the current scope\u001b[0m\n\u001b[0m   \u001b[0m\u001b[0m\u001b[1m\u001b[38;5;12m--> \u001b[0m\u001b[0mprograms/shadow-ranch-program/src/lib.rs:15:1\u001b[0m\n\u001b[0m    \u001b[0m\u001b[0m\u001b[1m\u001b[38;5;12m|\u001b[0m\n\u001b[0m\u001b[1m\u001b[38;5;12m15\u001b[0m\u001b[0m  \u001b[0m\u001b[0m\u001b[1m\u001b[38;5;12m|\u001b[0m\u001b[0m \u001b[0m\u001b[0m#[program]\u001b[0m\n\u001b[0m    \u001b[0m\u001b[0m\u001b[1m\u001b[38;5;12m| \u001b[0m\u001b[0m\u001b[1m\u001b[38;5;9m^^^^^^^^^^\u001b[0m\u001b[0m \u001b[0m\u001b[0m\u001b[1m\u001b[38;5;9mfunction or associated item not found in `MintAchievementNft<'_>`\u001b[0m\n\u001b[0m\u001b[1m\u001b[38;5;12m...\u001b[0m\n\u001b[0m\u001b[1m\u001b[38;5;12m272\u001b[0m\u001b[0m \u001b[0m\u001b[0m\u001b[1m\u001b[38;5;12m|\u001b[0m\u001b[0m \u001b[0m\u001b[0mpub struct MintAchievementNft<'info> {\u001b[0m\n\u001b[0m    \u001b[0m\u001b[0m\u001b[1m\u001b[38;5;12m| \u001b[0m\u001b[0m\u001b[1m\u001b[38;5;12m------------------------------------\u001b[0m\u001b[0m \u001b[0m\u001b[0m\u001b[1m\u001b[38;5;12mfunction or associated item `try_accounts` not found for this struct\u001b[0m\n\u001b[0m    \u001b[0m\u001b[0m\u001b[1m\u001b[38;5;12m|\u001b[0m\n\u001b[0m    \u001b[0m\u001b[0m\u001b[1m\u001b[38;5;12m= \u001b[0m\u001b[0m\u001b[1mhelp\u001b[0m\u001b[0m: items from traits can only be used if the trait is implemented and in scope\u001b[0m\n\u001b[0m    \u001b[0m\u001b[0m\u001b[1m\u001b[38;5;12m= \u001b[0m\u001b[0m\u001b[1mnote\u001b[0m\u001b[0m: the following trait defines an item `try_accounts`, perhaps you need to implement it:\u001b[0m\n\u001b[0m            candidate #1: `anchor_lang::Accounts`\u001b[0m\n\u001b[0m\u001b[1m\u001b[38;5;14mhelp\u001b[0m\u001b[0m: there is a method `try_into` with a similar name, but with different arguments\u001b[0m\n\u001b[0m   \u001b[0m\u001b[0m\u001b[1m\u001b[38;5;12m--> \u001b[0m\u001b[0m/Users/runner/work/platform-tools/platform-tools/out/rust/library/core/src/convert/mod.rs:611:5\u001b[0m\n\u001b[0m    \u001b[0m\u001b[0m\u001b[1m\u001b[38;5;12m= \u001b[0m\u001b[0m\u001b[1mnote\u001b[0m\u001b[0m: this error originates in the attribute macro `program` (in Nightly builds, run with -Z macro-backtrace for more info)\u001b[0m\n\n"}
{"$message_type":"diagnostic","message":"the trait bound `MintAchievementNft<'_>: Bumps` is not satisfied","code":{"code":"E0277","explanation":"You tried to use a type which doesn't implement some trait in a place which\nexpected that trait.\n\nErroneous code example:\n\n```compile_fail,E0277\n// here we declare the Foo trait with a bar method\ntrait Foo {\n    fn bar(&self);\n}\n\n// we now declare a function which takes an object implementing the Foo trait\nfn some_func<T: Foo>(foo: T) {\n    foo.bar();\n}\n\nfn main() {\n    // we now call the method with the i32 type, which doesn't implement\n    // the Foo trait\n    some_func(5i32); // error: the trait bound `i32 : Foo` is not satisfied\n}\n```\n\nIn order to fix this error, verify that the type you're using does implement\nthe trait. Example:\n\n```\ntrait Foo {\n    fn bar(&self);\n}\n\n// we implement the trait on the i32 type\nimpl Foo for i32 {\n    fn bar(&self) {}\n}\n\nfn some_func<T: Foo>(foo: T) {\n    foo.bar(); // we can now use this method since i32 implements the\n               // Foo trait\n}\n\nfn main() {\n    some_func(5i32); // ok!\n}\n```\n\nOr in a generic context, an erroneous code example would look like:\n\n```compile_fail,E0277\nfn some_func<T>(foo: T) {\n    println!(\"{:?}\", foo); // error: the trait `core::fmt::Debug` is not\n                           //        implemented for the type `T`\n}\n\nfn main() {\n    // We now call the method with the i32 type,\n    // which *does* implement the Debug trait.\n    some_func(5i32);\n}\n```\n\nNote that the error here is in the definition of the generic function. Although\nwe only call it with a parameter that does implement `Debug`, the compiler\nstill rejects the function. It must work with all possible input types. In\norder to make this example compile, we need to restrict the generic type we're\naccepting:\n\n```\nuse std::fmt;\n\n// Restrict the input type to types that implement Debug.\nfn some_func<T: fmt::Debug>(foo: T) {\n    println!(\"{:?}\", foo);\n}\n\nfn main() {\n    // Calling the method is still fine, as i32 implements Debug.\n    some_func(5i32);\n\n    // This would fail to compile now:\n    // struct WithoutDebug;\n    // some_func(WithoutDebug);\n}\n```\n\nRust only looks at the signature of the called function, as such it must\nalready specify all requirements that will be used for every type parameter.\n"},"level":"error","spans":[{"file_name":"programs/shadow-ranch-program/src/lib.rs","byte_start":509,"byte_end":519,"line_start":15,"line_end":15,"column_start":1,"column_end":11,"is_primary":true,"text":[{"text":"#[program]","highlight_start":1,"highlight_end":11}],"label":"the trait `Bumps` is not implemented for `MintAchievementNft<'_>`","suggested_replacement":null,"suggestion_applicability":null,"expansion":{"span":{"file_name":"programs/shadow-ranch-program/src/lib.rs","byte_start":509,"byte_end":519,"line_start":15,"line_end":15,"column_start":1,"column_end":11,"is_primary":false,"text":[{"text":"#[program]","highlight_start":1,"highlight_end":11}],"label":null,"suggested_replacement":null,"suggestion_applicability":null,"expansion":null},"macro_decl_name":"#[program]","def_site_span":{"file_name":"/Users/christophercialone/.cargo/registry/src/index.crates.io-6f17d22bba15001f/anchor-attribute-program-0.29.0/src/lib.rs","byte_start":234,"byte_end":350,"line_start":9,"line_end":12,"column_start":1,"column_end":29,"is_primary":false,"text":[{"text":"pub fn program(","highlight_start":1,"highlight_end":16},{"text":"    _args: proc_macro::TokenStream,","highlight_start":1,"highlight_end":36},{"text":"    input: proc_macro::TokenStream,","highlight_start":1,"highlight_end":36},{"text":") -> proc_macro::TokenStream {","highlight_start":1,"highlight_end":29}],"label":null,"suggested_replacement":null,"suggestion_applicability":null,"expansion":null}}}],"children":[{"message":"the following other types implement trait `Bumps`:\n  CompleteChallenge<'info>\n  CompleteModule<'info>\n  CreateNonceAccount<'info>\n  CreateNonceAccountWithSeed<'info>\n  InitializeUser<'info>\n  __idl::IdlAccounts<'info>\n  __idl::IdlCloseAccount<'info>\n  __idl::IdlCreateAccounts<'info>\nand 51 others","code":null,"level":"help","spans":[],"children":[],"rendered":null},{"message":"required by a bound in `anchor_lang::context::Context`","code":null,"level":"note","spans":[{"file_name":"src/context.rs","byte_start":785,"byte_end":832,"line_start":24,"line_end":24,"column_start":1,"column_end":48,"is_primary":true,"text":[],"label":null,"suggested_replacement":null,"suggestion_applicability":null,"expansion":null}],"children":[],"rendered":null}],"rendered":"\u001b[0m\u001b[1m\u001b[38;5;9merror[E0277]\u001b[0m\u001b[0m\u001b[1m: the trait bound `MintAchievementNft<'_>: Bumps` is not satisfied\u001b[0m\n\u001b[0m  \u001b[0m\u001b[0m\u001b[1m\u001b[38;5;12m--> \u001b[0m\u001b[0mprograms/shadow-ranch-program/src/lib.rs:15:1\u001b[0m\n\u001b[0m   \u001b[0m\u001b[0m\u001b[1m\u001b[38;5;12m|\u001b[0m\n\u001b[0m\u001b[1m\u001b[38;5;12m15\u001b[0m\u001b[0m \u001b[0m\u001b[0m\u001b[1m\u001b[38;5;12m|\u001b[0m\u001b[0m \u001b[0m\u001b[0m#[program]\u001b[0m\n\u001b[0m   \u001b[0m\u001b[0m\u001b[1m\u001b[38;5;12m| \u001b[0m\u001b[0m\u001b[1m\u001b[38;5;9m^^^^^^^^^^\u001b[0m\u001b[0m \u001b[0m\u001b[0m\u001b[1m\u001b[38;5;9mthe trait `Bumps` is not implemented for `MintAchievementNft<'_>`\u001b[0m\n\u001b[0m   \u001b[0m\u001b[0m\u001b[1m\u001b[38;5;12m|\u001b[0m\n\u001b[0m   \u001b[0m\u001b[0m\u001b[1m\u001b[38;5;12m= \u001b[0m\u001b[0m\u001b[1mhelp\u001b[0m\u001b[0m: the following other types implement trait `Bumps`:\u001b[0m\n\u001b[0m             CompleteChallenge<'info>\u001b[0m\n\u001b[0m             CompleteModule<'info>\u001b[0m\n\u001b[0m             CreateNonceAccount<'info>\u001b[0m\n\u001b[0m             CreateNonceAccountWithSeed<'info>\u001b[0m\n\u001b[0m             InitializeUser<'info>\u001b[0m\n\u001b[0m             __idl::IdlAccounts<'info>\u001b[0m\n\u001b[0m             __idl::IdlCloseAccount<'info>\u001b[0m\n\u001b[0m             __idl::IdlCreateAccounts<'info>\u001b[0m\n\u001b[0m           and 51 others\u001b[0m\n\u001b[0m\u001b[1m\u001b[38;5;10mnote\u001b[0m\u001b[0m: required by a bound in `anchor_lang::context::Context`\u001b[0m\n\u001b[0m  \u001b[0m\u001b[0m\u001b[1m\u001b[38;5;12m--> \u001b[0m\u001b[0msrc/context.rs:24:1\u001b[0m\n\u001b[0m   \u001b[0m\u001b[0m\u001b[1m\u001b[38;5;12m= \u001b[0m\u001b[0m\u001b[1mnote\u001b[0m\u001b[0m: this error originates in the attribute macro `program` (in Nightly builds, run with -Z macro-backtrace for more info)\u001b[0m\n\n"}
{"$message_type":"diagnostic","message":"the trait bound `MintAchievementNft<'_>: anchor_lang::Accounts<'_, _>` is not satisfied","code":{"code":"E0277","explanation":"You tried to use a type which doesn't implement some trait in a place which\nexpected that trait.\n\nErroneous code example:\n\n```compile_fail,E0277\n// here we declare the Foo trait with a bar method\ntrait Foo {\n    fn bar(&self);\n}\n\n// we now declare a function which takes an object implementing the Foo trait\nfn some_func<T: Foo>(foo: T) {\n    foo.bar();\n}\n\nfn main() {\n    // we now call the method with the i32 type, which doesn't implement\n    // the Foo trait\n    some_func(5i32); // error: the trait bound `i32 : Foo` is not satisfied\n}\n```\n\nIn order to fix this error, verify that the type you're using does implement\nthe trait. Example:\n\n```\ntrait Foo {\n    fn bar(&self);\n}\n\n// we implement the trait on the i32 type\nimpl Foo for i32 {\n    fn bar(&self) {}\n}\n\nfn some_func<T: Foo>(foo: T) {\n    foo.bar(); // we can now use this method since i32 implements the\n               // Foo trait\n}\n\nfn main() {\n    some_func(5i32); // ok!\n}\n```\n\nOr in a generic context, an erroneous code example would look like:\n\n```compile_fail,E0277\nfn some_func<T>(foo: T) {\n    println!(\"{:?}\", foo); // error: the trait `core::fmt::Debug` is not\n                           //        implemented for the type `T`\n}\n\nfn main() {\n    // We now call the method with the i32 type,\n    // which *does* implement the Debug trait.\n    some_func(5i32);\n}\n```\n\nNote that the error here is in the definition of the generic function. Although\nwe only call it with a parameter that does implement `Debug`, the compiler\nstill rejects the function. It must work with all possible input types. In\norder to make this example compile, we need to restrict the generic type we're\naccepting:\n\n```\nuse std::fmt;\n\n// Restrict the input type to types that implement Debug.\nfn some_func<T: fmt::Debug>(foo: T) {\n    println!(\"{:?}\", foo);\n}\n\nfn main() {\n    // Calling the method is still fine, as i32 implements Debug.\n    some_func(5i32);\n\n    // This would fail to compile now:\n    // struct WithoutDebug;\n    // some_func(WithoutDebug);\n}\n```\n\nRust only looks at the signature of the called function, as such it must\nalready specify all requirements that will be used for every type parameter.\n"},"level":"error","spans":[{"file_name":"programs/shadow-ranch-program/src/lib.rs","byte_start":509,"byte_end":519,"line_start":15,"line_end":15,"column_start":1,"column_end":11,"is_primary":true,"text":[{"text":"#[program]","highlight_start":1,"highlight_end":11}],"label":"the trait `anchor_lang::Accounts<'_, _>` is not implemented for `MintAchievementNft<'_>`","suggested_replacement":null,"suggestion_applicability":null,"expansion":{"span":{"file_name":"programs/shadow-ranch-program/src/lib.rs","byte_start":509,"byte_end":519,"line_start":15,"line_end":15,"column_start":1,"column_end":11,"is_primary":false,"text":[{"text":"#[program]","highlight_start":1,"highlight_end":11}],"label":null,"suggested_replacement":null,"suggestion_applicability":null,"expansion":null},"macro_decl_name":"#[program]","def_site_span":{"file_name":"/Users/christophercialone/.cargo/registry/src/index.crates.io-6f17d22bba15001f/anchor-attribute-program-0.29.0/src/lib.rs","byte_start":234,"byte_end":350,"line_start":9,"line_end":12,"column_start":1,"column_end":29,"is_primary":false,"text":[{"text":"pub fn program(","highlight_start":1,"highlight_end":16},{"text":"    _args: proc_macro::TokenStream,","highlight_start":1,"highlight_end":36},{"text":"    input: proc_macro::TokenStream,","highlight_start":1,"highlight_end":36},{"text":") -> proc_macro::TokenStream {","highlight_start":1,"highlight_end":29}],"label":null,"suggested_replacement":null,"suggestion_applicability":null,"expansion":null}}}],"children":[{"message":"the following other types implement trait `anchor_lang::Accounts<'info, B>`:\n  <AccountLoader<'info, T> as anchor_lang::Accounts<'info, B>>\n  <Box<T> as anchor_lang::Accounts<'info, B>>\n  <CompleteChallenge<'info> as anchor_lang::Accounts<'info, CompleteChallengeBumps>>\n  <CompleteModule<'info> as anchor_lang::Accounts<'info, CompleteModuleBumps>>\n  <CreateNonceAccount<'info> as anchor_lang::Accounts<'info, CreateNonceAccountBumps>>\n  <CreateNonceAccountWithSeed<'info> as anchor_lang::Accounts<'info, CreateNonceAccountWithSeedBumps>>\n  <InitializeUser<'info> as anchor_lang::Accounts<'info, InitializeUserBumps>>\n  <Interface<'info, T> as anchor_lang::Accounts<'info, B>>\nand 64 others","code":null,"level":"help","spans":[],"children":[],"rendered":null},{"message":"required by a bound in `anchor_lang::context::Context::<'a, 'b, 'c, 'info, T>::new`","code":null,"level":"note","spans":[{"file_name":"src/context.rs","byte_start":1974,"byte_end":2139,"line_start":57,"line_end":62,"column_start":5,"column_end":14,"is_primary":true,"text":[],"label":null,"suggested_replacement":null,"suggestion_applicability":null,"expansion":null}],"children":[],"rendered":null}],"rendered":"\u001b[0m\u001b[1m\u001b[38;5;9merror[E0277]\u001b[0m\u001b[0m\u001b[1m: the trait bound `MintAchievementNft<'_>: anchor_lang::Accounts<'_, _>` is not satisfied\u001b[0m\n\u001b[0m  \u001b[0m\u001b[0m\u001b[1m\u001b[38;5;12m--> \u001b[0m\u001b[0mprograms/shadow-ranch-program/src/lib.rs:15:1\u001b[0m\n\u001b[0m   \u001b[0m\u001b[0m\u001b[1m\u001b[38;5;12m|\u001b[0m\n\u001b[0m\u001b[1m\u001b[38;5;12m15\u001b[0m\u001b[0m \u001b[0m\u001b[0m\u001b[1m\u001b[38;5;12m|\u001b[0m\u001b[0m \u001b[0m\u001b[0m#[program]\u001b[0m\n\u001b[0m   \u001b[0m\u001b[0m\u001b[1m\u001b[38;5;12m| \u001b[0m\u001b[0m\u001b[1m\u001b[38;5;9m^^^^^^^^^^\u001b[0m\u001b[0m \u001b[0m\u001b[0m\u001b[1m\u001b[38;5;9mthe trait `anchor_lang::Accounts<'_, _>` is not implemented for `MintAchievementNft<'_>`\u001b[0m\n\u001b[0m   \u001b[0m\u001b[0m\u001b[1m\u001b[38;5;12m|\u001b[0m\n\u001b[0m   \u001b[0m\u001b[0m\u001b[1m\u001b[38;5;12m= \u001b[0m\u001b[0m\u001b[1mhelp\u001b[0m\u001b[0m: the following other types implement trait `anchor_lang::Accounts<'info, B>`:\u001b[0m\n\u001b[0m             <AccountLoader<'info, T> as anchor_lang::Accounts<'info, B>>\u001b[0m\n\u001b[0m             <Box<T> as anchor_lang::Accounts<'info, B>>\u001b[0m\n\u001b[0m             <CompleteChallenge<'info> as anchor_lang::Accounts<'info, CompleteChallengeBumps>>\u001b[0m\n\u001b[0m             <CompleteModule<'info> as anchor_lang::Accounts<'info, CompleteModuleBumps>>\u001b[0m\n\u001b[0m             <CreateNonceAccount<'info> as anchor_lang::Accounts<'info, CreateNonceAccountBumps>>\u001b[0m\n\u001b[0m             <CreateNonceAccountWithSeed<'info> as anchor_lang::Accounts<'info, CreateNonceAccountWithSeedBumps>>\u001b[0m\n\u001b[0m             <InitializeUser<'info> as anchor_lang::Accounts<'info, InitializeUserBumps>>\u001b[0m\n\u001b[0m             <Interface<'info, T> as anchor_lang::Accounts<'info, B>>\u001b[0m\n\u001b[0m           and 64 others\u001b[0m\n\u001b[0m\u001b[1m\u001b[38;5;10mnote\u001b[0m\u001b[0m: required by a bound in `anchor_lang::context::Context::<'a, 'b, 'c, 'info, T>::new`\u001b[0m\n\u001b[0m  \u001b[0m\u001b[0m\u001b[1m\u001b[38;5;12m--> \u001b[0m\u001b[0msrc/context.rs:57:5\u001b[0m\n\u001b[0m   \u001b[0m\u001b[0m\u001b[1m\u001b[38;5;12m= \u001b[0m\u001b[0m\u001b[1mnote\u001b[0m\u001b[0m: this error originates in the attribute macro `program` (in Nightly builds, run with -Z macro-backtrace for more info)\u001b[0m\n\n"}
{"$message_type":"diagnostic","message":"the trait bound `MintAchievementNft<'_>: Bumps` is not satisfied in `anchor_lang::context::Context<'_, '_, '_, '_, MintAchievementNft<'_>>`","code":{"code":"E0277","explanation":"You tried to use a type which doesn't implement some trait in a place which\nexpected that trait.\n\nErroneous code example:\n\n```compile_fail,E0277\n// here we declare the Foo trait with a bar method\ntrait Foo {\n    fn bar(&self);\n}\n\n// we now declare a function which takes an object implementing the Foo trait\nfn some_func<T: Foo>(foo: T) {\n    foo.bar();\n}\n\nfn main() {\n    // we now call the method with the i32 type, which doesn't implement\n    // the Foo trait\n    some_func(5i32); // error: the trait bound `i32 : Foo` is not satisfied\n}\n```\n\nIn order to fix this error, verify that the type you're using does implement\nthe trait. Example:\n\n```\ntrait Foo {\n    fn bar(&self);\n}\n\n// we implement the trait on the i32 type\nimpl Foo for i32 {\n    fn bar(&self) {}\n}\n\nfn some_func<T: Foo>(foo: T) {\n    foo.bar(); // we can now use this method since i32 implements the\n               // Foo trait\n}\n\nfn main() {\n    some_func(5i32); // ok!\n}\n```\n\nOr in a generic context, an erroneous code example would look like:\n\n```compile_fail,E0277\nfn some_func<T>(foo: T) {\n    println!(\"{:?}\", foo); // error: the trait `core::fmt::Debug` is not\n                           //        implemented for the type `T`\n}\n\nfn main() {\n    // We now call the method with the i32 type,\n    // which *does* implement the Debug trait.\n    some_func(5i32);\n}\n```\n\nNote that the error here is in the definition of the generic function. Although\nwe only call it with a parameter that does implement `Debug`, the compiler\nstill rejects the function. It must work with all possible input types. In\norder to make this example compile, we need to restrict the generic type we're\naccepting:\n\n```\nuse std::fmt;\n\n// Restrict the input type to types that implement Debug.\nfn some_func<T: fmt::Debug>(foo: T) {\n    println!(\"{:?}\", foo);\n}\n\nfn main() {\n    // Calling the method is still fine, as i32 implements Debug.\n    some_func(5i32);\n\n    // This would fail to compile now:\n    // struct WithoutDebug;\n    // some_func(WithoutDebug);\n}\n```\n\nRust only looks at the signature of the called function, as such it must\nalready specify all requirements that will be used for every type parameter.\n"},"level":"error","spans":[{"file_name":"programs/shadow-ranch-program/src/lib.rs","byte_start":4149,"byte_end":4152,"line_start":105,"line_end":105,"column_start":9,"column_end":12,"is_primary":true,"text":[{"text":"        ctx: Context<MintAchievementNft>,","highlight_start":9,"highlight_end":12}],"label":"within `anchor_lang::context::Context<'_, '_, '_, '_, MintAchievementNft<'_>>`, the trait `Bumps` is not implemented for `MintAchievementNft<'_>`, which is required by `anchor_lang::context::Context<'_, '_, '_, '_, MintAchievementNft<'_>>: Sized`","suggested_replacement":null,"suggestion_applicability":null,"expansion":null}],"children":[{"message":"the following other types implement trait `Bumps`:\n  CompleteChallenge<'info>\n  CompleteModule<'info>\n  CreateNonceAccount<'info>\n  CreateNonceAccountWithSeed<'info>\n  InitializeUser<'info>\n  __idl::IdlAccounts<'info>\n  __idl::IdlCloseAccount<'info>\n  __idl::IdlCreateAccounts<'info>\nand 51 others","code":null,"level":"help","spans":[],"children":[],"rendered":null},{"message":"required because it appears within the type `anchor_lang::context::Context<'_, '_, '_, '_, MintAchievementNft<'_>>`","code":null,"level":"note","spans":[{"file_name":"src/context.rs","byte_start":796,"byte_end":803,"line_start":24,"line_end":24,"column_start":12,"column_end":19,"is_primary":true,"text":[],"label":null,"suggested_replacement":null,"suggestion_applicability":null,"expansion":null}],"children":[],"rendered":null},{"message":"unsized fn params are gated as an unstable feature","code":null,"level":"help","spans":[],"children":[],"rendered":null},{"message":"function arguments must have a statically known size, borrowed types always have a known size","code":null,"level":"help","spans":[{"file_name":"programs/shadow-ranch-program/src/lib.rs","byte_start":4154,"byte_end":4154,"line_start":105,"line_end":105,"column_start":14,"column_end":14,"is_primary":true,"text":[{"text":"        ctx: Context<MintAchievementNft>,","highlight_start":14,"highlight_end":14}],"label":null,"suggested_replacement":"&","suggestion_applicability":"MachineApplicable","expansion":null}],"children":[],"rendered":null}],"rendered":"\u001b[0m\u001b[1m\u001b[38;5;9merror[E0277]\u001b[0m\u001b[0m\u001b[1m: the trait bound `MintAchievementNft<'_>: Bumps` is not satisfied in `anchor_lang::context::Context<'_, '_, '_, '_, MintAchievementNft<'_>>`\u001b[0m\n\u001b[0m   \u001b[0m\u001b[0m\u001b[1m\u001b[38;5;12m--> \u001b[0m\u001b[0mprograms/shadow-ranch-program/src/lib.rs:105:9\u001b[0m\n\u001b[0m    \u001b[0m\u001b[0m\u001b[1m\u001b[38;5;12m|\u001b[0m\n\u001b[0m\u001b[1m\u001b[38;5;12m105\u001b[0m\u001b[0m \u001b[0m\u001b[0m\u001b[1m\u001b[38;5;12m|\u001b[0m\u001b[0m \u001b[0m\u001b[0m        ctx: Context<MintAchievementNft>,\u001b[0m\n\u001b[0m    \u001b[0m\u001b[0m\u001b[1m\u001b[38;5;12m| \u001b[0m\u001b[0m        \u001b[0m\u001b[0m\u001b[1m\u001b[38;5;9m^^^\u001b[0m\u001b[0m \u001b[0m\u001b[0m\u001b[1m\u001b[38;5;9mwithin `anchor_lang::context::Context<'_, '_, '_, '_, MintAchievementNft<'_>>`, the trait `Bumps` is not implemented for `MintAchievementNft<'_>`, which is required by `anchor_lang::context::Context<'_, '_, '_, '_, MintAchievementNft<'_>>: Sized`\u001b[0m\n\u001b[0m    \u001b[0m\u001b[0m\u001b[1m\u001b[38;5;12m|\u001b[0m\n\u001b[0m    \u001b[0m\u001b[0m\u001b[1m\u001b[38;5;12m= \u001b[0m\u001b[0m\u001b[1mhelp\u001b[0m\u001b[0m: the following other types implement trait `Bumps`:\u001b[0m\n\u001b[0m              CompleteChallenge<'info>\u001b[0m\n\u001b[0m              CompleteModule<'info>\u001b[0m\n\u001b[0m              CreateNonceAccount<'info>\u001b[0m\n\u001b[0m              CreateNonceAccountWithSeed<'info>\u001b[0m\n\u001b[0m              InitializeUser<'info>\u001b[0m\n\u001b[0m              __idl::IdlAccounts<'info>\u001b[0m\n\u001b[0m              __idl::IdlCloseAccount<'info>\u001b[0m\n\u001b[0m              __idl::IdlCreateAccounts<'info>\u001b[0m\n\u001b[0m            and 51 others\u001b[0m\n\u001b[0m\u001b[1m\u001b[38;5;10mnote\u001b[0m\u001b[0m: required because it appears within the type `anchor_lang::context::Context<'_, '_, '_, '_, MintAchievementNft<'_>>`\u001b[0m\n\u001b[0m   \u001b[0m\u001b[0m\u001b[1m\u001b[38;5;12m--> \u001b[0m\u001b[0msrc/context.rs:24:12\u001b[0m\n\u001b[0m    \u001b[0m\u001b[0m\u001b[1m\u001b[38;5;12m= \u001b[0m\u001b[0m\u001b[1mhelp\u001b[0m\u001b[0m: unsized fn params are gated as an unstable feature\u001b[0m\n\u001b[0m\u001b[1m\u001b[38;5;14mhelp\u001b[0m\u001b[0m: function arguments must have a statically known size, borrowed types always have a known size\u001b[0m\n\u001b[0m    \u001b[0m\u001b[0m\u001b[1m\u001b[38;5;12m|\u001b[0m\n\u001b[0m\u001b[1m\u001b[38;5;12m105\u001b[0m\u001b[0m \u001b[0m\u001b[0m\u001b[1m\u001b[38;5;12m| \u001b[0m\u001b[0m        ctx: \u001b[0m\u001b[0m\u001b[38;5;10m&\u001b[0m\u001b[0mContext<MintAchievementNft>,\u001b[0m\n\u001b[0m    \u001b[0m\u001b[0m\u001b[1m\u001b[38;5;12m|\u001b[0m\u001b[0m              \u001b[0m\u001b[0m\u001b[38;5;10m+\u001b[0m\n\n"}
{"$message_type":"diagnostic","message":"no function or associated item named `create` found for struct `anchor_spl::associated_token::AssociatedToken` in the current scope","code":{"code":"E0599","explanation":"This error occurs when a method is used on a type which doesn't implement it:\n\nErroneous code example:\n\n```compile_fail,E0599\nstruct Mouth;\n\nlet x = Mouth;\nx.chocolate(); // error: no method named `chocolate` found for type `Mouth`\n               //        in the current scope\n```\n\nIn this case, you need to implement the `chocolate` method to fix the error:\n\n```\nstruct Mouth;\n\nimpl Mouth {\n    fn chocolate(&self) { // We implement the `chocolate` method here.\n        println!(\"Hmmm! I love chocolate!\");\n    }\n}\n\nlet x = Mouth;\nx.chocolate(); // ok!\n```\n"},"level":"error","spans":[{"file_name":"programs/shadow-ranch-program/src/lib.rs","byte_start":8060,"byte_end":8066,"line_start":198,"line_end":198,"column_start":45,"column_end":51,"is_primary":true,"text":[{"text":"        let cpi_accounts = AssociatedToken::create(","highlight_start":45,"highlight_end":51}],"label":"function or associated item not found in `AssociatedToken`","suggested_replacement":null,"suggestion_applicability":null,"expansion":null}],"children":[],"rendered":"\u001b[0m\u001b[1m\u001b[38;5;9merror[E0599]\u001b[0m\u001b[0m\u001b[1m: no function or associated item named `create` found for struct `anchor_spl::associated_token::AssociatedToken` in the current scope\u001b[0m\n\u001b[0m   \u001b[0m\u001b[0m\u001b[1m\u001b[38;5;12m--> \u001b[0m\u001b[0mprograms/shadow-ranch-program/src/lib.rs:198:45\u001b[0m\n\u001b[0m    \u001b[0m\u001b[0m\u001b[1m\u001b[38;5;12m|\u001b[0m\n\u001b[0m\u001b[1m\u001b[38;5;12m198\u001b[0m\u001b[0m \u001b[0m\u001b[0m\u001b[1m\u001b[38;5;12m|\u001b[0m\u001b[0m \u001b[0m\u001b[0m        let cpi_accounts = AssociatedToken::create(\u001b[0m\n\u001b[0m    \u001b[0m\u001b[0m\u001b[1m\u001b[38;5;12m| \u001b[0m\u001b[0m                                            \u001b[0m\u001b[0m\u001b[1m\u001b[38;5;9m^^^^^^\u001b[0m\u001b[0m \u001b[0m\u001b[0m\u001b[1m\u001b[38;5;9mfunction or associated item not found in `AssociatedToken`\u001b[0m\n\n"}
{"$message_type":"diagnostic","message":"aborting due to 10 previous errors; 1 warning emitted","code":null,"level":"error","spans":[],"children":[],"rendered":"\u001b[0m\u001b[1m\u001b[38;5;9merror\u001b[0m\u001b[0m\u001b[1m: aborting due to 10 previous errors; 1 warning emitted\u001b[0m\n\n"}
{"$message_type":"diagnostic","message":"Some errors have detailed explanations: E0277, E0432, E0599.","code":null,"level":"failure-note","spans":[],"children":[],"rendered":"\u001b[0m\u001b[1mSome errors have detailed explanations: E0277, E0432, E0599.\u001b[0m\n"}
{"$message_type":"diagnostic","message":"For more information about an error, try `rustc --explain E0277`.","code":null,"level":"failure-note","spans":[],"children":[],"rendered":"\u001b[0m\u001b[1mFor more information about an error, try `rustc --explain E0277`.\u001b[0m\n"}
